[001859825] GET /api/profiles -> 200 (3ms)
[001859883] GET /api/test_connection -> 200 (2470ms)
[00190545] GET /api/slots -> 200 (8ms)
[001906645] POST /api/load/4 -> 200 (4ms)
[001906799] GET /api/round -> 200 (0ms)
[002003635] GET /api/state -> 200 (16ms)
[002006395] GET /api/profiles -> 200 (2ms)
[002006427] GET /api/test_connection -> 200 (2291ms)
[152846696] GET / -> 200 (268ms)
[15284721] GET /style.css -> 200 (17ms)
[15284722] GET /app.js -> 200 (54ms)
[152847143] GET /api/profiles -> 200 (3ms)
[152847181] GET /favicon.ico -> 404 (1ms)
[152847142] GET /api/cards -> 200 (56ms)
[152847144] GET /api/state -> 200 (89ms)
[152847197] GET /api/test_connection -> 200 (2024ms)
[152849521] GET /api/slots -> 200 (7ms)
[15285297] POST /api/load/4 -> 200 (3ms)
[152852258] GET /api/round -> 200 (0ms)
[152937751] GET /api/state -> 200 (10ms)
[001158911] GET / -> 200 (314ms)
[001159292] GET /style.css -> 200 (2ms)
[001159407] GET /favicon.ico -> 404 (1ms)

[001159405] GET /api/state -> 200 (21ms)
[001159427] GET /api/test_connection -> 200 (2633ms)
[001203884] GET /api/slots -> 200 (9ms)
